<?xml version="1.0" encoding="UTF-8"?>
<robot generator="Robot 4.1.2 (Python 3.10.0 on win32)" generated="20211104 11:56:27.371" rpa="false" schemaversion="2">
<suite id="s1" name="Test" source="c:\qaninja\robot\test.robot">
<test id="s1-t1" name="Deve retornar mensagem de boas vindas">
<kw name="Welcome" library="app">
<var>${result}</var>
<arg>Rodrigo</arg>
<msg timestamp="20211104 11:56:27.465" level="INFO">${result} = Olá Rodrigo, bem vindo ao curso básico de robot framework!</msg>
<status status="PASS" starttime="20211104 11:56:27.465" endtime="20211104 11:56:27.465"/>
</kw>
<kw name="Should Be Equal" library="BuiltIn">
<arg>${result}</arg>
<arg>Olá Rodrigo, bem vindo ao curso básico de robot framework!</arg>
<doc>Fails if the given objects are unequal.</doc>
<status status="PASS" starttime="20211104 11:56:27.465" endtime="20211104 11:56:27.465"/>
</kw>
<status status="PASS" starttime="20211104 11:56:27.465" endtime="20211104 11:56:27.465"/>
</test>
<status status="PASS" starttime="20211104 11:56:27.371" endtime="20211104 11:56:27.481"/>
</suite>
<statistics>
<total>
<stat pass="1" fail="0" skip="0">All Tests</stat>
</total>
<tag>
</tag>
<suite>
<stat pass="1" fail="0" skip="0" id="s1" name="Test">Test</stat>
</suite>
</statistics>
<errors>
</errors>
</robot>
