<?xml version="1.0" encoding="UTF-8"?>
<robot generator="Robot 4.1.2 (Python 3.10.0 on win32)" generated="20211113 13:50:25.503" rpa="false" schemaversion="2">
<suite id="s1" name="Login Form" source="c:\qaninja\robot\web\tests\login_form.robot">
<test id="s1-t1" name="Login com sucesso">
<kw name="Nova sessão" library="base" type="SETUP">
<kw name="Open Browser" library="SeleniumLibrary">
<arg>${url}</arg>
<arg>chrome</arg>
<doc>Opens a new browser instance to the optional ``url``.</doc>
<msg timestamp="20211113 13:50:26.051" level="INFO">Opening browser 'chrome' to base url 'https://training-wheels-protocol.herokuapp.com'.</msg>
<status status="PASS" starttime="20211113 13:50:26.050" endtime="20211113 13:50:32.985"/>
</kw>
<status status="PASS" starttime="20211113 13:50:26.050" endtime="20211113 13:50:32.986"/>
</kw>
<kw name="Go To" library="SeleniumLibrary">
<arg>${url}/login</arg>
<doc>Navigates the current browser window to the provided ``url``.</doc>
<msg timestamp="20211113 13:50:32.988" level="INFO">Opening url 'https://training-wheels-protocol.herokuapp.com/login'</msg>
<status status="PASS" starttime="20211113 13:50:32.986" endtime="20211113 13:50:34.003"/>
</kw>
<kw name="Login With">
<arg>stark</arg>
<arg>jarvis!</arg>
<kw name="Input Text" library="SeleniumLibrary">
<arg>css:input[name=username]</arg>
<arg>${uname}</arg>
<doc>Types the given ``text`` into the text field identified by ``locator``.</doc>
<msg timestamp="20211113 13:50:34.007" level="INFO">Typing text 'stark' into text field 'css:input[name=username]'.</msg>
<status status="PASS" starttime="20211113 13:50:34.006" endtime="20211113 13:50:34.263"/>
</kw>
<kw name="Input Text" library="SeleniumLibrary">
<arg>css:input[name=password]</arg>
<arg>${pass}</arg>
<doc>Types the given ``text`` into the text field identified by ``locator``.</doc>
<msg timestamp="20211113 13:50:34.264" level="INFO">Typing text 'jarvis!' into text field 'css:input[name=password]'.</msg>
<status status="PASS" starttime="20211113 13:50:34.263" endtime="20211113 13:50:34.533"/>
</kw>
<kw name="Click Element" library="SeleniumLibrary">
<arg>class:btn-login</arg>
<doc>Click the element identified by ``locator``.</doc>
<msg timestamp="20211113 13:50:34.533" level="INFO">Clicking element 'class:btn-login'.</msg>
<status status="PASS" starttime="20211113 13:50:34.533" endtime="20211113 13:50:35.292"/>
</kw>
<status status="PASS" starttime="20211113 13:50:34.005" endtime="20211113 13:50:35.293"/>
</kw>
<kw name="Should See Logged User">
<arg>Tony Stark</arg>
<kw name="Page Should Contain" library="SeleniumLibrary">
<arg>Olá, ${full_name}. Você acessou a área logada!</arg>
<doc>Verifies that current page contains ``text``.</doc>
<msg timestamp="20211113 13:50:35.345" level="INFO">Current page contains text 'Olá, Tony Stark. Você acessou a área logada!'.</msg>
<status status="PASS" starttime="20211113 13:50:35.296" endtime="20211113 13:50:35.345"/>
</kw>
<status status="PASS" starttime="20211113 13:50:35.294" endtime="20211113 13:50:35.345"/>
</kw>
<kw name="Encerra sessão" library="base" type="TEARDOWN">
<kw name="Capture Page Screenshot" library="SeleniumLibrary">
<doc>Takes a screenshot of the current page and embeds it into a log file.</doc>
<msg timestamp="20211113 13:50:35.626" level="INFO" html="true">&lt;/td&gt;&lt;/tr&gt;&lt;tr&gt;&lt;td colspan="3"&gt;&lt;a href="selenium-screenshot-31.png"&gt;&lt;img src="selenium-screenshot-31.png" width="800px"&gt;&lt;/a&gt;</msg>
<status status="PASS" starttime="20211113 13:50:35.349" endtime="20211113 13:50:35.627"/>
</kw>
<kw name="Close Browser" library="SeleniumLibrary">
<doc>Closes the current browser.</doc>
<status status="PASS" starttime="20211113 13:50:35.627" endtime="20211113 13:50:37.943"/>
</kw>
<status status="PASS" starttime="20211113 13:50:35.346" endtime="20211113 13:50:37.944"/>
</kw>
<status status="PASS" starttime="20211113 13:50:26.048" endtime="20211113 13:50:37.945"/>
</test>
<test id="s1-t2" name="Senha invalida">
<kw name="Nova sessão" library="base" type="SETUP">
<kw name="Open Browser" library="SeleniumLibrary">
<arg>${url}</arg>
<arg>chrome</arg>
<doc>Opens a new browser instance to the optional ``url``.</doc>
<msg timestamp="20211113 13:50:37.959" level="INFO">Opening browser 'chrome' to base url 'https://training-wheels-protocol.herokuapp.com'.</msg>
<status status="PASS" starttime="20211113 13:50:37.957" endtime="20211113 13:50:45.926"/>
</kw>
<status status="PASS" starttime="20211113 13:50:37.956" endtime="20211113 13:50:45.926"/>
</kw>
<kw name="Go To" library="SeleniumLibrary">
<arg>${url}/login</arg>
<doc>Navigates the current browser window to the provided ``url``.</doc>
<msg timestamp="20211113 13:50:45.928" level="INFO">Opening url 'https://training-wheels-protocol.herokuapp.com/login'</msg>
<status status="PASS" starttime="20211113 13:50:45.928" endtime="20211113 13:50:46.840"/>
</kw>
<kw name="Login With">
<arg>stark</arg>
<arg>abc123!</arg>
<kw name="Input Text" library="SeleniumLibrary">
<arg>css:input[name=username]</arg>
<arg>${uname}</arg>
<doc>Types the given ``text`` into the text field identified by ``locator``.</doc>
<msg timestamp="20211113 13:50:46.845" level="INFO">Typing text 'stark' into text field 'css:input[name=username]'.</msg>
<status status="PASS" starttime="20211113 13:50:46.842" endtime="20211113 13:50:47.090"/>
</kw>
<kw name="Input Text" library="SeleniumLibrary">
<arg>css:input[name=password]</arg>
<arg>${pass}</arg>
<doc>Types the given ``text`` into the text field identified by ``locator``.</doc>
<msg timestamp="20211113 13:50:47.091" level="INFO">Typing text 'abc123!' into text field 'css:input[name=password]'.</msg>
<status status="PASS" starttime="20211113 13:50:47.090" endtime="20211113 13:50:47.408"/>
</kw>
<kw name="Click Element" library="SeleniumLibrary">
<arg>class:btn-login</arg>
<doc>Click the element identified by ``locator``.</doc>
<msg timestamp="20211113 13:50:47.412" level="INFO">Clicking element 'class:btn-login'.</msg>
<status status="PASS" starttime="20211113 13:50:47.409" endtime="20211113 13:50:48.332"/>
</kw>
<status status="PASS" starttime="20211113 13:50:46.841" endtime="20211113 13:50:48.333"/>
</kw>
<kw name="Should Contain Login Alert">
<arg>Senha é invalida!</arg>
<kw name="Get WebElement" library="SeleniumLibrary">
<var>${message}</var>
<arg>id:flash</arg>
<doc>Returns the first WebElement matching the given ``locator``.</doc>
<msg timestamp="20211113 13:50:48.370" level="INFO">${message} = &lt;selenium.webdriver.remote.webelement.WebElement (session="45bba1871d58dccc8e2fa2932b92ec36", element="84b61490-e5b6-4598-b0c0-f43db515e775")&gt;</msg>
<status status="PASS" starttime="20211113 13:50:48.335" endtime="20211113 13:50:48.370"/>
</kw>
<kw name="Should Contain" library="BuiltIn">
<arg>${message.text}</arg>
<arg>${expect_message}</arg>
<doc>Fails if ``container`` does not contain ``item`` one or more times.</doc>
<status status="PASS" starttime="20211113 13:50:48.370" endtime="20211113 13:50:48.414"/>
</kw>
<status status="PASS" starttime="20211113 13:50:48.334" endtime="20211113 13:50:48.415"/>
</kw>
<kw name="Encerra sessão" library="base" type="TEARDOWN">
<kw name="Capture Page Screenshot" library="SeleniumLibrary">
<doc>Takes a screenshot of the current page and embeds it into a log file.</doc>
<msg timestamp="20211113 13:50:48.712" level="INFO" html="true">&lt;/td&gt;&lt;/tr&gt;&lt;tr&gt;&lt;td colspan="3"&gt;&lt;a href="selenium-screenshot-32.png"&gt;&lt;img src="selenium-screenshot-32.png" width="800px"&gt;&lt;/a&gt;</msg>
<status status="PASS" starttime="20211113 13:50:48.416" endtime="20211113 13:50:48.712"/>
</kw>
<kw name="Close Browser" library="SeleniumLibrary">
<doc>Closes the current browser.</doc>
<status status="PASS" starttime="20211113 13:50:48.712" endtime="20211113 13:50:51.069"/>
</kw>
<status status="PASS" starttime="20211113 13:50:48.415" endtime="20211113 13:50:51.070"/>
</kw>
<tag>login_error</tag>
<status status="PASS" starttime="20211113 13:50:37.953" endtime="20211113 13:50:51.072"/>
</test>
<test id="s1-t3" name="Usuário não existe">
<kw name="Nova sessão" library="base" type="SETUP">
<kw name="Open Browser" library="SeleniumLibrary">
<arg>${url}</arg>
<arg>chrome</arg>
<doc>Opens a new browser instance to the optional ``url``.</doc>
<msg timestamp="20211113 13:50:51.109" level="INFO">Opening browser 'chrome' to base url 'https://training-wheels-protocol.herokuapp.com'.</msg>
<status status="PASS" starttime="20211113 13:50:51.106" endtime="20211113 13:50:57.733"/>
</kw>
<status status="PASS" starttime="20211113 13:50:51.103" endtime="20211113 13:50:57.733"/>
</kw>
<kw name="Go To" library="SeleniumLibrary">
<arg>${url}/login</arg>
<doc>Navigates the current browser window to the provided ``url``.</doc>
<msg timestamp="20211113 13:50:57.739" level="INFO">Opening url 'https://training-wheels-protocol.herokuapp.com/login'</msg>
<status status="PASS" starttime="20211113 13:50:57.735" endtime="20211113 13:50:58.358"/>
</kw>
<kw name="Login With">
<arg>rodrigo</arg>
<arg>ajj88</arg>
<kw name="Input Text" library="SeleniumLibrary">
<arg>css:input[name=username]</arg>
<arg>${uname}</arg>
<doc>Types the given ``text`` into the text field identified by ``locator``.</doc>
<msg timestamp="20211113 13:50:58.361" level="INFO">Typing text 'rodrigo' into text field 'css:input[name=username]'.</msg>
<status status="PASS" starttime="20211113 13:50:58.360" endtime="20211113 13:50:58.677"/>
</kw>
<kw name="Input Text" library="SeleniumLibrary">
<arg>css:input[name=password]</arg>
<arg>${pass}</arg>
<doc>Types the given ``text`` into the text field identified by ``locator``.</doc>
<msg timestamp="20211113 13:50:58.678" level="INFO">Typing text 'ajj88' into text field 'css:input[name=password]'.</msg>
<status status="PASS" starttime="20211113 13:50:58.677" endtime="20211113 13:50:58.931"/>
</kw>
<kw name="Click Element" library="SeleniumLibrary">
<arg>class:btn-login</arg>
<doc>Click the element identified by ``locator``.</doc>
<msg timestamp="20211113 13:50:58.933" level="INFO">Clicking element 'class:btn-login'.</msg>
<status status="PASS" starttime="20211113 13:50:58.932" endtime="20211113 13:50:59.694"/>
</kw>
<status status="PASS" starttime="20211113 13:50:58.359" endtime="20211113 13:50:59.694"/>
</kw>
<kw name="Should Contain Login Alert">
<arg>O usuário informado não está cadastrado!</arg>
<kw name="Get WebElement" library="SeleniumLibrary">
<var>${message}</var>
<arg>id:flash</arg>
<doc>Returns the first WebElement matching the given ``locator``.</doc>
<msg timestamp="20211113 13:50:59.738" level="INFO">${message} = &lt;selenium.webdriver.remote.webelement.WebElement (session="de1262d411eb311412abd524acbbfa92", element="ee34b773-4991-47a5-8e2c-1e04347d15a1")&gt;</msg>
<status status="PASS" starttime="20211113 13:50:59.699" endtime="20211113 13:50:59.738"/>
</kw>
<kw name="Should Contain" library="BuiltIn">
<arg>${message.text}</arg>
<arg>${expect_message}</arg>
<doc>Fails if ``container`` does not contain ``item`` one or more times.</doc>
<status status="PASS" starttime="20211113 13:50:59.738" endtime="20211113 13:50:59.777"/>
</kw>
<status status="PASS" starttime="20211113 13:50:59.695" endtime="20211113 13:50:59.777"/>
</kw>
<kw name="Encerra sessão" library="base" type="TEARDOWN">
<kw name="Capture Page Screenshot" library="SeleniumLibrary">
<doc>Takes a screenshot of the current page and embeds it into a log file.</doc>
<msg timestamp="20211113 13:51:00.153" level="INFO" html="true">&lt;/td&gt;&lt;/tr&gt;&lt;tr&gt;&lt;td colspan="3"&gt;&lt;a href="selenium-screenshot-33.png"&gt;&lt;img src="selenium-screenshot-33.png" width="800px"&gt;&lt;/a&gt;</msg>
<status status="PASS" starttime="20211113 13:50:59.779" endtime="20211113 13:51:00.153"/>
</kw>
<kw name="Close Browser" library="SeleniumLibrary">
<doc>Closes the current browser.</doc>
<status status="PASS" starttime="20211113 13:51:00.153" endtime="20211113 13:51:02.446"/>
</kw>
<status status="PASS" starttime="20211113 13:50:59.778" endtime="20211113 13:51:02.447"/>
</kw>
<tag>login_user404</tag>
<status status="PASS" starttime="20211113 13:50:51.099" endtime="20211113 13:51:02.450"/>
</test>
<status status="PASS" starttime="20211113 13:50:25.505" endtime="20211113 13:51:02.458"/>
</suite>
<statistics>
<total>
<stat pass="3" fail="0" skip="0">All Tests</stat>
</total>
<tag>
<stat pass="1" fail="0" skip="0">login_error</stat>
<stat pass="1" fail="0" skip="0">login_user404</stat>
</tag>
<suite>
<stat pass="3" fail="0" skip="0" id="s1" name="Login Form">Login Form</stat>
</suite>
</statistics>
<errors>
</errors>
</robot>
